  Collision.cpp
C:\Users\User\Documents\GitHub\RigidBody2D\RigidBody2D\Math.h(14,29): warning C4305: "inicjowanie": obcięcie z "double" do "float"
C:\Users\User\Documents\GitHub\RigidBody2D\RigidBody2D\Math.h(15,29): warning C4305: "inicjowanie": obcięcie z "double" do "float"
C:\Users\User\Documents\GitHub\RigidBody2D\RigidBody2D\Math.h(136,30): warning C4244: "inicjowanie": konwersja z "double" do "float", możliwa utrata danych
C:\Users\User\Documents\GitHub\RigidBody2D\RigidBody2D\Circle.h(33,33): warning C4244: "=": konwersja z "double" do "float", możliwa utrata danych
C:\Users\User\Documents\GitHub\RigidBody2D\RigidBody2D\Circle.h(34,58): warning C4244: "=": konwersja z "double" do "float", możliwa utrata danych
C:\Users\User\Documents\GitHub\RigidBody2D\RigidBody2D\Circle.h(35,43): warning C4244: "=": konwersja z "double" do "float", możliwa utrata danych
C:\Users\User\Documents\GitHub\RigidBody2D\RigidBody2D\Circle.h(48,1): warning C4305: "inicjowanie": obcięcie z "double" do "float"
C:\Users\User\Documents\GitHub\RigidBody2D\RigidBody2D\Polygon.h(135,20): warning C4244: "=": konwersja z "double" do "float", możliwa utrata danych
C:\Users\User\Documents\GitHub\RigidBody2D\RigidBody2D\Polygon.h(141,37): warning C4244: "=": konwersja z "double" do "float", możliwa utrata danych
C:\Users\User\Documents\GitHub\RigidBody2D\RigidBody2D\Polygon.h(155,1): warning C4305: "*=": obcięcie z "double" do "float"
C:\Users\User\Documents\GitHub\RigidBody2D\RigidBody2D\Polygon.h(161,47): warning C4244: "=": konwersja z "double" do "float", możliwa utrata danych
  RigidBody.cpp
C:\Users\User\Documents\GitHub\RigidBody2D\RigidBody2D\Math.h(14,29): warning C4305: "inicjowanie": obcięcie z "double" do "float"
C:\Users\User\Documents\GitHub\RigidBody2D\RigidBody2D\Math.h(15,29): warning C4305: "inicjowanie": obcięcie z "double" do "float"
C:\Users\User\Documents\GitHub\RigidBody2D\RigidBody2D\Math.h(136,30): warning C4244: "inicjowanie": konwersja z "double" do "float", możliwa utrata danych
C:\Users\User\Documents\GitHub\RigidBody2D\RigidBody2D\Circle.h(33,33): warning C4244: "=": konwersja z "double" do "float", możliwa utrata danych
C:\Users\User\Documents\GitHub\RigidBody2D\RigidBody2D\Circle.h(34,58): warning C4244: "=": konwersja z "double" do "float", możliwa utrata danych
C:\Users\User\Documents\GitHub\RigidBody2D\RigidBody2D\Circle.h(35,43): warning C4244: "=": konwersja z "double" do "float", możliwa utrata danych
C:\Users\User\Documents\GitHub\RigidBody2D\RigidBody2D\Circle.h(48,1): warning C4305: "inicjowanie": obcięcie z "double" do "float"
C:\Users\User\Documents\GitHub\RigidBody2D\RigidBody2D\Polygon.h(135,20): warning C4244: "=": konwersja z "double" do "float", możliwa utrata danych
C:\Users\User\Documents\GitHub\RigidBody2D\RigidBody2D\Polygon.h(141,37): warning C4244: "=": konwersja z "double" do "float", możliwa utrata danych
C:\Users\User\Documents\GitHub\RigidBody2D\RigidBody2D\Polygon.h(155,1): warning C4305: "*=": obcięcie z "double" do "float"
C:\Users\User\Documents\GitHub\RigidBody2D\RigidBody2D\Polygon.h(161,47): warning C4244: "=": konwersja z "double" do "float", możliwa utrata danych
C:\Users\User\Documents\GitHub\RigidBody2D\RigidBody2D\RigidBody.cpp(38,25): warning C4305: "=": obcięcie z "double" do "float"
C:\Users\User\Documents\GitHub\RigidBody2D\RigidBody2D\RigidBody.cpp(39,25): warning C4305: "=": obcięcie z "double" do "float"
  World.cpp
C:\Users\User\Documents\GitHub\RigidBody2D\RigidBody2D\Math.h(14,29): warning C4305: "inicjowanie": obcięcie z "double" do "float"
C:\Users\User\Documents\GitHub\RigidBody2D\RigidBody2D\Math.h(15,29): warning C4305: "inicjowanie": obcięcie z "double" do "float"
C:\Users\User\Documents\GitHub\RigidBody2D\RigidBody2D\Math.h(136,30): warning C4244: "inicjowanie": konwersja z "double" do "float", możliwa utrata danych
C:\Users\User\Documents\GitHub\RigidBody2D\RigidBody2D\Circle.h(33,33): warning C4244: "=": konwersja z "double" do "float", możliwa utrata danych
C:\Users\User\Documents\GitHub\RigidBody2D\RigidBody2D\Circle.h(34,58): warning C4244: "=": konwersja z "double" do "float", możliwa utrata danych
C:\Users\User\Documents\GitHub\RigidBody2D\RigidBody2D\Circle.h(35,43): warning C4244: "=": konwersja z "double" do "float", możliwa utrata danych
C:\Users\User\Documents\GitHub\RigidBody2D\RigidBody2D\Circle.h(48,1): warning C4305: "inicjowanie": obcięcie z "double" do "float"
C:\Users\User\Documents\GitHub\RigidBody2D\RigidBody2D\Polygon.h(135,20): warning C4244: "=": konwersja z "double" do "float", możliwa utrata danych
C:\Users\User\Documents\GitHub\RigidBody2D\RigidBody2D\Polygon.h(141,37): warning C4244: "=": konwersja z "double" do "float", możliwa utrata danych
C:\Users\User\Documents\GitHub\RigidBody2D\RigidBody2D\Polygon.h(155,1): warning C4305: "*=": obcięcie z "double" do "float"
C:\Users\User\Documents\GitHub\RigidBody2D\RigidBody2D\Polygon.h(161,47): warning C4244: "=": konwersja z "double" do "float", możliwa utrata danych
C:\Users\User\Documents\GitHub\RigidBody2D\RigidBody2D\Physics.h(16,73): warning C4244: "argument": konwersja z "double" do "float", możliwa utrata danych
C:\Users\User\Documents\GitHub\RigidBody2D\RigidBody2D\World.cpp(17,44): warning C4244: "argument": konwersja z "int" do "float", możliwa utrata danych
C:\Users\User\Documents\GitHub\RigidBody2D\RigidBody2D\World.cpp(17,41): warning C4244: "argument": konwersja z "int" do "float", możliwa utrata danych
C:\Users\User\Documents\GitHub\RigidBody2D\RigidBody2D\World.cpp(25,23): warning C4018: "<": niezgodność typu ze znakiem/bez znaku
C:\Users\User\Documents\GitHub\RigidBody2D\RigidBody2D\World.cpp(29,31): warning C4018: "<": niezgodność typu ze znakiem/bez znaku
C:\Users\User\Documents\GitHub\RigidBody2D\RigidBody2D\World.cpp(41,23): warning C4018: "<": niezgodność typu ze znakiem/bez znaku
C:\Users\User\Documents\GitHub\RigidBody2D\RigidBody2D\World.cpp(44,23): warning C4018: "<": niezgodność typu ze znakiem/bez znaku
C:\Users\User\Documents\GitHub\RigidBody2D\RigidBody2D\World.cpp(46,27): warning C4018: "<": niezgodność typu ze znakiem/bez znaku
C:\Users\User\Documents\GitHub\RigidBody2D\RigidBody2D\World.cpp(50,23): warning C4018: "<": niezgodność typu ze znakiem/bez znaku
C:\Users\User\Documents\GitHub\RigidBody2D\RigidBody2D\World.cpp(53,23): warning C4018: "<": niezgodność typu ze znakiem/bez znaku
C:\Users\User\Documents\GitHub\RigidBody2D\RigidBody2D\World.cpp(56,23): warning C4018: "<": niezgodność typu ze znakiem/bez znaku
C:\Users\User\Documents\GitHub\RigidBody2D\RigidBody2D\World.cpp(67,23): warning C4018: "<": niezgodność typu ze znakiem/bez znaku
  main.cpp
C:\Users\User\Documents\GitHub\RigidBody2D\RigidBody2D\Math.h(14,29): warning C4305: "inicjowanie": obcięcie z "double" do "float"
C:\Users\User\Documents\GitHub\RigidBody2D\RigidBody2D\Math.h(15,29): warning C4305: "inicjowanie": obcięcie z "double" do "float"
C:\Users\User\Documents\GitHub\RigidBody2D\RigidBody2D\Math.h(136,30): warning C4244: "inicjowanie": konwersja z "double" do "float", możliwa utrata danych
C:\Users\User\Documents\GitHub\RigidBody2D\RigidBody2D\Circle.h(33,33): warning C4244: "=": konwersja z "double" do "float", możliwa utrata danych
C:\Users\User\Documents\GitHub\RigidBody2D\RigidBody2D\Circle.h(34,58): warning C4244: "=": konwersja z "double" do "float", możliwa utrata danych
C:\Users\User\Documents\GitHub\RigidBody2D\RigidBody2D\Circle.h(35,43): warning C4244: "=": konwersja z "double" do "float", możliwa utrata danych
C:\Users\User\Documents\GitHub\RigidBody2D\RigidBody2D\Circle.h(48,1): warning C4305: "inicjowanie": obcięcie z "double" do "float"
C:\Users\User\Documents\GitHub\RigidBody2D\RigidBody2D\Polygon.h(135,20): warning C4244: "=": konwersja z "double" do "float", możliwa utrata danych
C:\Users\User\Documents\GitHub\RigidBody2D\RigidBody2D\Polygon.h(141,37): warning C4244: "=": konwersja z "double" do "float", możliwa utrata danych
C:\Users\User\Documents\GitHub\RigidBody2D\RigidBody2D\Polygon.h(155,1): warning C4305: "*=": obcięcie z "double" do "float"
C:\Users\User\Documents\GitHub\RigidBody2D\RigidBody2D\Polygon.h(161,47): warning C4244: "=": konwersja z "double" do "float", możliwa utrata danych
C:\Users\User\Documents\GitHub\RigidBody2D\RigidBody2D\FancyWorld.h(16,15): warning C4244: "/=": konwersja z "float" do "int", możliwa utrata danych
C:\Users\User\Documents\GitHub\RigidBody2D\RigidBody2D\FancyWorld.h(17,15): warning C4244: "/=": konwersja z "float" do "int", możliwa utrata danych
  Generowanie kodu...
  RigidBody2D.vcxproj -> C:\Users\User\Documents\GitHub\RigidBody2D\Debug\RigidBody2D.exe
